FM8P5X Compiler ICE Ver 2.04 Build011 Released F:\完整工程\2024_3_9\XL000-0801C-8-RGB-16K_IR\Asm_prj\superled.asm  2024/3/10  15:21:30

LOC             LINE   SOURCE  TEXT  
;=============================== superled.asm Start ================================================================
0000            0001   N000:                NOP  
0001            0002   N001:                NOP
0002            0003   N002:                NOP
0003            0004   N003:                NOP
0004            0005   N004:                NOP
0005            0006   N005:                NOP
0006            0007   N006:                NOP
0007            0008   N007:                GOTO    0x00F
0008            0009   N008:                MOVAR   0x010
0009            0010   N009:                MOVR    0x003,0 
000A            0011   N00A:                MOVAR   0x011
000B            0012   N00B:                MOVR    0x004,0 
000C            0013   N00C:                MOVAR   0x012
000D            0014   N00D:                GOTO    0x38F
000E            0015   N00E:                GOTO    0x041
000F            0016   N00F:                NOP     
0010            0017   N010:                CLRR    0x004
0011            0018   N011:                CLRR    0x00E
0012            0019   N012:                CLRR    0x00F
0013            0020   N013:                CLRR    0x005
0014            0021   N014:                MOVIA   0x000
0015            0022   N015:                IOST    0x005
0016            0023   N016:                MOVIA   0x028
0017            0024   N017:                MOVAR   0x006
0018            0025   N018:                MOVIA   0x028
0019            0026   N019:                IOST    0x006
001A            0027   N01A:                MOVIA   0x0D7
001B            0028   N01B:                MOVAR   0x00D
001C            0029   N01C:                CLRR    0x008
001D            0030   N01D:                MOVIA   0x028
001E            0031   N01E:                MOVAR   0x009
001F            0032   N01F:                MOVIA   0x030
0020            0033   N020:                MOVAR   0x010
0021            0034   N021:                MOVIA   0x011
0022            0035   N022:                MOVAR   0x004
0023            0036   N023:                CLRR    0x000
0024            0037   N024:                INCR    0x004,1 
0025            0038   N025:                DECRSZ  0x010,1 
0026            0039   N026:                GOTO    0x023
0027            0040   N027:                CLRR    0x010
0028            0041   N028:                CLRR    0x004
0029            0042   N029:                MOVIA   0x000
002A            0043   N02A:                OPTION  
002B            0044   N02B:                MOVIA   0x09E
002C            0045   N02C:                MOVAR   0x001
002D            0046   N02D:                BSR     0x015,0 
002E            0047   N02E:                CLRR    0x01F
002F            0048   N02F:                MOVIA   0x001
0030            0049   N030:                MOVAR   0x01E
0031            0050   N031:                MOVIA   0x002
0032            0051   N032:                MOVAR   0x021
0033            0052   N033:                MOVIA   0x0E6
0034            0053   N034:                MOVAR   0x020
0035            0054   N035:                BSR     0x004,6 
0036            0055   N036:                MOVIA   0x080
0037            0056   N037:                MOVAR   0x00F
0038            0057   N038:                CLRR    0x010
0039            0058   N039:                BCR     0x004,6 
003A            0059   N03A:                MOVIA   0x081
003B            0060   N03B:                MOVAR   0x00E
003C            0061   N03C:                CALL    0x1D6
003D            0062   N03D:                CALL    0x258
003E            0063   N03E:                CALL    0x06F
003F            0064   N03F:                GOTO    0x03C
0040            0065   N040:                GOTO    0x040
0041            0066   N041:                CLRR    0x004
0042            0067   N042:                BTRSS   0x00F,0 
0043            0068   N043:                GOTO    0x06D
0044            0069   N044:                BCR     0x00F,0 
0045            0070   N045:                MOVIA   0x0A6
0046            0071   N046:                MOVAR   0x001
0047            0072   N047:                INCR    0x034,1 
0048            0073   N048:                BSR     0x004,6 
0049            0074   N049:                MOVR    0x01F,0 
004A            0075   N04A:                XORIA   0x001
004B            0076   N04B:                BTRSS   0x003,2 
004C            0077   N04C:                GOTO    0x069
004D            0078   N04D:                MOVR    0x028,0 
004E            0079   N04E:                BTRSS   0x003,2 
004F            0080   N04F:                GOTO    0x053
0050            0081   N050:                BCR     0x00A,0 
0051            0082   N051:                BCR     0x006,2 
0052            0083   N052:                GOTO    0x056
0053            0084   N053:                MOVR    0x028,0 
0054            0085   N054:                MOVAR   0x00B
0055            0086   N055:                BSR     0x00A,0 
0056            0087   N056:                MOVR    0x026,0 
0057            0088   N057:                BTRSS   0x003,2 
0058            0089   N058:                GOTO    0x05C
0059            0090   N059:                BCR     0x00A,1 
005A            0091   N05A:                BCR     0x006,1 
005B            0092   N05B:                GOTO    0x05F
005C            0093   N05C:                MOVR    0x026,0 
005D            0094   N05D:                MOVAR   0x00C
005E            0095   N05E:                BSR     0x00A,1 
005F            0096   N05F:                MOVR    0x027,0 
0060            0097   N060:                BTRSS   0x003,2 
0061            0098   N061:                GOTO    0x065
0062            0099   N062:                BCR     0x00A,2 
0063            0100   N063:                BCR     0x006,0 
0064            0101   N064:                GOTO    0x068
0065            0102   N065:                MOVR    0x027,0 
0066            0103   N066:                MOVAR   0x00D
0067            0104   N067:                BSR     0x00A,2 
0068            0105   N068:                GOTO    0x06B
0069            0106   N069:                MOVIA   0x080
006A            0107   N06A:                MOVAR   0x00A
006B            0108   N06B:                BCR     0x004,6 
006C            0109   N06C:                INCR    0x018,1 
006D            0110   N06D:                CLRR    0x00F
006E            0111   N06E:                GOTO    0x390
006F            0112   N06F:                MOVIA   0x014
0070            0113   N070:                SUBAR   0x018,0 
0071            0114   N071:                BTRSS   0x003,0 
0072            0115   N072:                GOTO    0x0D7
0073            0116   N073:                MOVIA   0x014
0074            0117   N074:                SUBAR   0x018,1 
0075            0118   N075:                INCR    0x019,1 
0076            0119   N076:                INCR    0x036,1 
0077            0120   N077:                INCR    0x01B,1 
0078            0121   N078:                MOVR    0x01F,0 
0079            0122   N079:                BTRSC   0x003,2 
007A            0123   N07A:                GOTO    0x09D
007B            0124   N07B:                MOVR    0x026,0 
007C            0125   N07C:                SUBAR   0x023,0 
007D            0126   N07D:                BTRSC   0x003,0 
007E            0127   N07E:                GOTO    0x081
007F            0128   N07F:                DECR    0x026,1 
0080            0129   N080:                GOTO    0x086
0081            0130   N081:                MOVR    0x023,0 
0082            0131   N082:                SUBAR   0x026,0 
0083            0132   N083:                BTRSC   0x003,0 
0084            0133   N084:                GOTO    0x086
0085            0134   N085:                INCR    0x026,1 
0086            0135   N086:                MOVR    0x027,0 
0087            0136   N087:                SUBAR   0x024,0 
0088            0137   N088:                BTRSC   0x003,0 
0089            0138   N089:                GOTO    0x08C
008A            0139   N08A:                DECR    0x027,1 
008B            0140   N08B:                GOTO    0x091
008C            0141   N08C:                MOVR    0x024,0 
008D            0142   N08D:                SUBAR   0x027,0 
008E            0143   N08E:                BTRSC   0x003,0 
008F            0144   N08F:                GOTO    0x091
0090            0145   N090:                INCR    0x027,1 
0091            0146   N091:                MOVR    0x028,0 
0092            0147   N092:                SUBAR   0x025,0 
0093            0148   N093:                BTRSC   0x003,0 
0094            0149   N094:                GOTO    0x097
0095            0150   N095:                DECR    0x028,1 
0096            0151   N096:                GOTO    0x09C
0097            0152   N097:                MOVR    0x025,0 
0098            0153   N098:                SUBAR   0x028,0 
0099            0154   N099:                BTRSC   0x003,0 
009A            0155   N09A:                GOTO    0x09C
009B            0156   N09B:                INCR    0x028,1 
009C            0157   N09C:                GOTO    0x0A9
009D            0158   N09D:                MOVR    0x026,0 
009E            0159   N09E:                BTRSC   0x003,2 
009F            0160   N09F:                GOTO    0x0A1
00A0            0161   N0A0:                DECR    0x026,1 
00A1            0162   N0A1:                MOVR    0x027,0 
00A2            0163   N0A2:                BTRSC   0x003,2 
00A3            0164   N0A3:                GOTO    0x0A5
00A4            0165   N0A4:                DECR    0x027,1 
00A5            0166   N0A5:                MOVR    0x028,0 
00A6            0167   N0A6:                BTRSC   0x003,2 
00A7            0168   N0A7:                GOTO    0x0A9
00A8            0169   N0A8:                DECR    0x028,1 
00A9            0170   N0A9:                MOVR    0x01F,0 
00AA            0171   N0AA:                BTRSC   0x003,2 
00AB            0172   N0AB:                GOTO    0x0BE
00AC            0173   N0AC:                MOVR    0x02B,0 
00AD            0174   N0AD:                XORIA   0x001
00AE            0175   N0AE:                BTRSC   0x003,2 
00AF            0176   N0AF:                GOTO    0x0B4
00B0            0177   N0B0:                MOVR    0x02B,0 
00B1            0178   N0B1:                XORIA   0x002
00B2            0179   N0B2:                BTRSS   0x003,2 
00B3            0180   N0B3:                GOTO    0x0B5
00B4            0181   N0B4:                CALL    0x2DA
00B5            0182   N0B5:                MOVR    0x02B,0 
00B6            0183   N0B6:                XORIA   0x003
00B7            0184   N0B7:                BTRSC   0x003,2 
00B8            0185   N0B8:                GOTO    0x0BD
00B9            0186   N0B9:                MOVR    0x02B,0 
00BA            0187   N0BA:                XORIA   0x004
00BB            0188   N0BB:                BTRSS   0x003,2 
00BC            0189   N0BC:                GOTO    0x0BE
00BD            0190   N0BD:                CALL    0x341
00BE            0191   N0BE:                BSR     0x00E,7 
00BF            0192   N0BF:                MOVIA   0x00A
00C0            0193   N0C0:                SUBAR   0x019,0 
00C1            0194   N0C1:                BTRSS   0x003,0 
00C2            0195   N0C2:                GOTO    0x0D7
00C3            0196   N0C3:                CLRR    0x019
00C4            0197   N0C4:                INCR    0x01A,1 
00C5            0198   N0C5:                BTRSS   0x017,5 
00C6            0199   N0C6:                GOTO    0x0D3
00C7            0200   N0C7:                COMR    0x036,0 
00C8            0201   N0C8:                ADDIA   0x01F
00C9            0202   N0C9:                BTRSC   0x003,0 
00CA            0203   N0CA:                GOTO    0x0D3
00CB            0204   N0CB:                CLRR    0x033
00CC            0205   N0CC:                CLRR    0x038
00CD            0206   N0CD:                BCR     0x017,5 
00CE            0207   N0CE:                BCR     0x017,4 
00CF            0208   N0CF:                BCR     0x017,2 
00D0            0209   N0D0:                CLRR    0x036
00D1            0210   N0D1:                CLRR    0x037
00D2            0211   N0D2:                CLRR    0x035
00D3            0212   N0D3:                CALL    0x176
00D4            0213   N0D4:                CALL    0x0D8
00D5            0214   N0D5:                CALL    0x150
00D6            0215   N0D6:                BSR     0x00E,7 
00D7            0216   N0D7:                RETURN  
00D8            0217   N0D8:                MOVR    0x01F,0 
00D9            0218   N0D9:                BTRSC   0x003,2 
00DA            0219   N0DA:                GOTO    0x110
00DB            0220   N0DB:                BTRSS   0x015,0 
00DC            0221   N0DC:                GOTO    0x110
00DD            0222   N0DD:                BCR     0x015,0 
00DE            0223   N0DE:                CLRR    0x022
00DF            0224   N0DF:                COMR    0x01E,0 
00E0            0225   N0E0:                ADDIA   0x011
00E1            0226   N0E1:                BTRSS   0x003,0 
00E2            0227   N0E2:                GOTO    0x0E8
00E3            0228   N0E3:                MOVR    0x01E,0 
00E4            0229   N0E4:                MOVAR   0x02C
00E5            0230   N0E5:                CLRR    0x02B
00E6            0231   N0E6:                CALL    0x111
00E7            0232   N0E7:                GOTO    0x10C
00E8            0233   N0E8:                COMR    0x01E,0 
00E9            0234   N0E9:                ADDIA   0x011
00EA            0235   N0EA:                BTRSC   0x003,0 
00EB            0236   N0EB:                GOTO    0x10C
00EC            0237   N0EC:                CLRR    0x02C
00ED            0238   N0ED:                MOVIA   0x010
00EE            0239   N0EE:                SUBAR   0x01E,0 
00EF            0240   N0EF:                MOVAR   0x02B
00F0            0241   N0F0:                MOVR    0x02B,0 
00F1            0242   N0F1:                XORIA   0x003
00F2            0243   N0F2:                BTRSC   0x003,2 
00F3            0244   N0F3:                GOTO    0x0F8
00F4            0245   N0F4:                MOVR    0x02B,0 
00F5            0246   N0F5:                XORIA   0x004
00F6            0247   N0F6:                BTRSS   0x003,2 
00F7            0248   N0F7:                GOTO    0x103
00F8            0249   N0F8:                CALL    0x30D
00F9            0250   N0F9:                CLRR    0x023
00FA            0251   N0FA:                CLRR    0x024
00FB            0252   N0FB:                CLRR    0x025
00FC            0253   N0FC:                MOVR    0x023,0 
00FD            0254   N0FD:                MOVAR   0x026
00FE            0255   N0FE:                MOVR    0x024,0 
00FF            0256   N0FF:                MOVAR   0x027
0100            0257   N100:                MOVR    0x025,0 
0101            0258   N101:                MOVAR   0x028
0102            0259   N102:                GOTO    0x10C
0103            0260   N103:                MOVR    0x02B,0 
0104            0261   N104:                XORIA   0x002
0105            0262   N105:                BTRSC   0x003,2 
0106            0263   N106:                GOTO    0x10B
0107            0264   N107:                MOVR    0x02B,0 
0108            0265   N108:                XORIA   0x001
0109            0266   N109:                BTRSS   0x003,2 
010A            0267   N10A:                GOTO    0x10C
010B            0268   N10B:                CALL    0x111
010C            0269   N10C:                MOVIA   0x0E5
010D            0270   N10D:                MOVAR   0x01C
010E            0271   N10E:                MOVIA   0x0E5
010F            0272   N10F:                MOVAR   0x01B
0110            0273   N110:                RETURN  
0111            0274   N111:                BCR     0x00E,7 
0112            0275   N112:                MOVR    0x020,0 
0113            0276   N113:                MOVAR   0x030
0114            0277   N114:                RRR     0x030,0 
0115            0278   N115:                MOVAR   0x02F
0116            0279   N116:                RRR     0x02F,1 
0117            0280   N117:                MOVIA   0x03F
0118            0281   N118:                ANDAR   0x02F,1 
0119            0282   N119:                MOVR    0x02C,0 
011A            0283   N11A:                MOVAR   0x013
011B            0284   N11B:                CLRR    0x014
011C            0285   N11C:                MOVIA   0x0C9
011D            0286   N11D:                ADDAR   0x013,0 
011E            0287   N11E:                MOVIA   0x003
011F            0288   N11F:                ADCAR   0x014,0 
0120            0289   N120:                MOVAR   0x00A
0121            0290   N121:                MOVR    0x013,0 
0122            0291   N122:                CALL    0x3C8
0123            0292   N123:                MOVAR   0x02D
0124            0293   N124:                CALL    0x145
0125            0294   N125:                MOVR    0x029,0 
0126            0295   N126:                MOVAR   0x023
0127            0296   N127:                MOVR    0x02C,0 
0128            0297   N128:                MOVAR   0x013
0129            0298   N129:                CLRR    0x014
012A            0299   N12A:                MOVIA   0x0DB
012B            0300   N12B:                ADDAR   0x013,0 
012C            0301   N12C:                MOVIA   0x003
012D            0302   N12D:                ADCAR   0x014,0 
012E            0303   N12E:                MOVAR   0x00A
012F            0304   N12F:                MOVR    0x013,0 
0130            0305   N130:                CALL    0x3DA
0131            0306   N131:                MOVAR   0x02D
0132            0307   N132:                CALL    0x145
0133            0308   N133:                MOVR    0x029,0 
0134            0309   N134:                MOVAR   0x024
0135            0310   N135:                MOVR    0x02C,0 
0136            0311   N136:                MOVAR   0x013
0137            0312   N137:                CLRR    0x014
0138            0313   N138:                MOVIA   0x0ED
0139            0314   N139:                ADDAR   0x013,0 
013A            0315   N13A:                MOVIA   0x003
013B            0316   N13B:                ADCAR   0x014,0 
013C            0317   N13C:                MOVAR   0x00A
013D            0318   N13D:                MOVR    0x013,0 
013E            0319   N13E:                CALL    0x3EC
013F            0320   N13F:                MOVAR   0x02D
0140            0321   N140:                CALL    0x145
0141            0322   N141:                MOVR    0x029,0 
0142            0323   N142:                MOVAR   0x025
0143            0324   N143:                BSR     0x00E,7 
0144            0325   N144:                RETURN  
0145            0326   N145:                CLRR    0x029
0146            0327   N146:                MOVR    0x02D,0 
0147            0328   N147:                MOVAR   0x013
0148            0329   N148:                DECR    0x02D,1 
0149            0330   N149:                MOVR    0x013,0 
014A            0331   N14A:                BTRSC   0x003,2 
014B            0332   N14B:                GOTO    0x14F
014C            0333   N14C:                MOVR    0x02F,0 
014D            0334   N14D:                ADDAR   0x029,1 
014E            0335   N14E:                GOTO    0x146
014F            0336   N14F:                RETURN  
0150            0337   N150:                INCR    0x031,1 
0151            0338   N151:                BTRSS   0x006,5 
0152            0339   N152:                GOTO    0x16F
0153            0340   N153:                MOVR    0x035,0 
0154            0341   N154:                BTRSS   0x003,2 
0155            0342   N155:                GOTO    0x16D
0156            0343   N156:                MOVR    0x01F,0 
0157            0344   N157:                BTRSS   0x003,2 
0158            0345   N158:                GOTO    0x16B
0159            0346   N159:                COMR    0x031,0 
015A            0347   N15A:                ADDIA   0x01F
015B            0348   N15B:                BTRSC   0x003,0 
015C            0349   N15C:                GOTO    0x16A
015D            0350   N15D:                CALL    0x171
015E            0351   N15E:                MOVIA   0x002
015F            0352   N15F:                MOVAR   0x00E
0160            0353   N160:                NOP     
0161            0354   N161:                NOP     
0162            0355   N162:                NOP     
0163            0356   N163:                SLEEP   
0164            0357   N164:                NOP     
0165            0358   N165:                NOP     
0166            0359   N166:                NOP     
0167            0360   N167:                CALL    0x174
0168            0361   N168:                MOVIA   0x081
0169            0362   N169:                MOVAR   0x00E
016A            0363   N16A:                GOTO    0x16C
016B            0364   N16B:                CLRR    0x031
016C            0365   N16C:                GOTO    0x16E
016D            0366   N16D:                CLRR    0x031
016E            0367   N16E:                GOTO    0x170
016F            0368   N16F:                CLRR    0x031
0170            0369   N170:                RETURN  
0171            0370   N171:                BCR     0x00E,7 
0172            0371   N172:                CLRR    0x031
0173            0372   N173:                RETURN  
0174            0373   N174:                BSR     0x00E,7 
0175            0374   N175:                RETURN  
0176            0375   N176:                INCR    0x032,1 
0177            0376   N177:                BTRSC   0x006,5 
0178            0377   N178:                GOTO    0x184
0179            0378   N179:                MOVIA   0x064
017A            0379   N17A:                SUBAR   0x032,0 
017B            0380   N17B:                BTRSS   0x003,0 
017C            0381   N17C:                GOTO    0x183
017D            0382   N17D:                MOVIA   0x064
017E            0383   N17E:                MOVAR   0x032
017F            0384   N17F:                BTRSC   0x016,0 
0180            0385   N180:                GOTO    0x183
0181            0386   N181:                BSR     0x016,0 
0182            0387   N182:                CLRR    0x01F
0183            0388   N183:                GOTO    0x1D5
0184            0389   N184:                MOVIA   0x002
0185            0390   N185:                SUBAR   0x032,0 
0186            0391   N186:                BTRSS   0x003,0 
0187            0392   N187:                GOTO    0x1D3
0188            0393   N188:                CLRR    0x033
0189            0394   N189:                BTRSC   0x016,0 
018A            0395   N18A:                GOTO    0x1D3
018B            0396   N18B:                BSR     0x015,0 
018C            0397   N18C:                MOVR    0x01F,0 
018D            0398   N18D:                BTRSS   0x003,2 
018E            0399   N18E:                GOTO    0x192
018F            0400   N18F:                MOVIA   0x001
0190            0401   N190:                MOVAR   0x01F
0191            0402   N191:                GOTO    0x1D3
0192            0403   N192:                MOVR    0x01E,0 
0193            0404   N193:                XORIA   0x001
0194            0405   N194:                BTRSS   0x003,2 
0195            0406   N195:                GOTO    0x199
0196            0407   N196:                MOVIA   0x006
0197            0408   N197:                MOVAR   0x01E
0198            0409   N198:                GOTO    0x1D3
0199            0410   N199:                MOVR    0x01E,0 
019A            0411   N19A:                XORIA   0x006
019B            0412   N19B:                BTRSS   0x003,2 
019C            0413   N19C:                GOTO    0x1A0
019D            0414   N19D:                MOVIA   0x00B
019E            0415   N19E:                MOVAR   0x01E
019F            0416   N19F:                GOTO    0x1D3
01A0            0417   N1A0:                MOVR    0x01E,0 
01A1            0418   N1A1:                XORIA   0x00B
01A2            0419   N1A2:                BTRSS   0x003,2 
01A3            0420   N1A3:                GOTO    0x1A7
01A4            0421   N1A4:                MOVIA   0x010
01A5            0422   N1A5:                MOVAR   0x01E
01A6            0423   N1A6:                GOTO    0x1D3
01A7            0424   N1A7:                MOVR    0x01E,0 
01A8            0425   N1A8:                XORIA   0x010
01A9            0426   N1A9:                BTRSS   0x003,2 
01AA            0427   N1AA:                GOTO    0x1AE
01AB            0428   N1AB:                MOVIA   0x005
01AC            0429   N1AC:                MOVAR   0x01E
01AD            0430   N1AD:                GOTO    0x1D3
01AE            0431   N1AE:                MOVR    0x01E,0 
01AF            0432   N1AF:                XORIA   0x005
01B0            0433   N1B0:                BTRSS   0x003,2 
01B1            0434   N1B1:                GOTO    0x1B5
01B2            0435   N1B2:                MOVIA   0x00A
01B3            0436   N1B3:                MOVAR   0x01E
01B4            0437   N1B4:                GOTO    0x1D3
01B5            0438   N1B5:                MOVR    0x01E,0 
01B6            0439   N1B6:                XORIA   0x00A
01B7            0440   N1B7:                BTRSS   0x003,2 
01B8            0441   N1B8:                GOTO    0x1BC
01B9            0442   N1B9:                MOVIA   0x00F
01BA            0443   N1BA:                MOVAR   0x01E
01BB            0444   N1BB:                GOTO    0x1D3
01BC            0445   N1BC:                MOVR    0x01E,0 
01BD            0446   N1BD:                XORIA   0x00F
01BE            0447   N1BE:                BTRSS   0x003,2 
01BF            0448   N1BF:                GOTO    0x1C3
01C0            0449   N1C0:                MOVIA   0x014
01C1            0450   N1C1:                MOVAR   0x01E
01C2            0451   N1C2:                GOTO    0x1D3
01C3            0452   N1C3:                MOVR    0x01E,0 
01C4            0453   N1C4:                XORIA   0x014
01C5            0454   N1C5:                BTRSS   0x003,2 
01C6            0455   N1C6:                GOTO    0x1CA
01C7            0456   N1C7:                MOVIA   0x012
01C8            0457   N1C8:                MOVAR   0x01E
01C9            0458   N1C9:                GOTO    0x1D3
01CA            0459   N1CA:                MOVR    0x01E,0 
01CB            0460   N1CB:                XORIA   0x012
01CC            0461   N1CC:                BTRSS   0x003,2 
01CD            0462   N1CD:                GOTO    0x1D1
01CE            0463   N1CE:                MOVIA   0x001
01CF            0464   N1CF:                MOVAR   0x01E
01D0            0465   N1D0:                GOTO    0x1D3
01D1            0466   N1D1:                MOVIA   0x001
01D2            0467   N1D2:                MOVAR   0x01E
01D3            0468   N1D3:                CLRR    0x032
01D4            0469   N1D4:                BCR     0x016,0 
01D5            0470   N1D5:                RETURN  
01D6            0471   N1D6:                BTRSS   0x006,3 
01D7            0472   N1D7:                GOTO    0x201
01D8            0473   N1D8:                BTRSC   0x017,1 
01D9            0474   N1D9:                GOTO    0x200
01DA            0475   N1DA:                MOVR    0x035,0 
01DB            0476   N1DB:                XORIA   0x001
01DC            0477   N1DC:                BTRSS   0x003,2 
01DD            0478   N1DD:                GOTO    0x1E6
01DE            0479   N1DE:                COMR    0x034,0 
01DF            0480   N1DF:                ADDIA   0x03D
01E0            0481   N1E0:                BTRSC   0x003,0 
01E1            0482   N1E1:                GOTO    0x1E4
01E2            0483   N1E2:                INCR    0x035,1 
01E3            0484   N1E3:                GOTO    0x1E5
01E4            0485   N1E4:                BSR     0x017,0 
01E5            0486   N1E5:                GOTO    0x1FE
01E6            0487   N1E6:                MOVIA   0x003
01E7            0488   N1E7:                SUBAR   0x035,0 
01E8            0489   N1E8:                BTRSS   0x003,0 
01E9            0490   N1E9:                GOTO    0x1FE
01EA            0491   N1EA:                MOVIA   0x043
01EB            0492   N1EB:                SUBAR   0x035,0 
01EC            0493   N1EC:                BTRSC   0x003,0 
01ED            0494   N1ED:                GOTO    0x1FE
01EE            0495   N1EE:                COMR    0x034,0 
01EF            0496   N1EF:                ADDIA   0x005
01F0            0497   N1F0:                BTRSC   0x003,0 
01F1            0498   N1F1:                GOTO    0x1FD
01F2            0499   N1F2:                MOVIA   0x014
01F3            0500   N1F3:                SUBAR   0x034,0 
01F4            0501   N1F4:                BTRSC   0x003,0 
01F5            0502   N1F5:                GOTO    0x1FD
01F6            0503   N1F6:                BTRSS   0x017,2 
01F7            0504   N1F7:                GOTO    0x1FB
01F8            0505   N1F8:                BCR     0x017,2 
01F9            0506   N1F9:                CLRR    0x035
01FA            0507   N1FA:                GOTO    0x1FC
01FB            0508   N1FB:                INCR    0x035,1 
01FC            0509   N1FC:                GOTO    0x1FE
01FD            0510   N1FD:                BSR     0x017,0 
01FE            0511   N1FE:                CLRR    0x034
01FF            0512   N1FF:                BSR     0x017,1 
0200            0513   N200:                GOTO    0x250
0201            0514   N201:                BTRSS   0x017,1 
0202            0515   N202:                GOTO    0x250
0203            0516   N203:                CLRR    0x036
0204            0517   N204:                MOVR    0x035,0 
0205            0518   N205:                BTRSS   0x003,2 
0206            0519   N206:                GOTO    0x209
0207            0520   N207:                INCR    0x035,1 
0208            0521   N208:                GOTO    0x24E
0209            0522   N209:                MOVR    0x035,0 
020A            0523   N20A:                XORIA   0x002
020B            0524   N20B:                BTRSS   0x003,2 
020C            0525   N20C:                GOTO    0x21E
020D            0526   N20D:                COMR    0x034,0 
020E            0527   N20E:                ADDIA   0x03D
020F            0528   N20F:                BTRSC   0x003,0 
0210            0529   N210:                GOTO    0x21C
0211            0530   N211:                MOVIA   0x06E
0212            0531   N212:                SUBAR   0x034,0 
0213            0532   N213:                BTRSC   0x003,0 
0214            0533   N214:                GOTO    0x21C
0215            0534   N215:                BCR     0x017,2 
0216            0535   N216:                CLRR    0x039
0217            0536   N217:                CLRR    0x037
0218            0537   N218:                CLRR    0x03A
0219            0538   N219:                CLRR    0x03B
021A            0539   N21A:                INCR    0x035,1 
021B            0540   N21B:                GOTO    0x21D
021C            0541   N21C:                BSR     0x017,0 
021D            0542   N21D:                GOTO    0x24E
021E            0543   N21E:                MOVIA   0x002
021F            0544   N21F:                SUBAR   0x035,0 
0220            0545   N220:                BTRSS   0x003,0 
0221            0546   N221:                GOTO    0x246
0222            0547   N222:                MOVIA   0x043
0223            0548   N223:                SUBAR   0x035,0 
0224            0549   N224:                BTRSC   0x003,0 
0225            0550   N225:                GOTO    0x246
0226            0551   N226:                COMR    0x034,0 
0227            0552   N227:                ADDIA   0x005
0228            0553   N228:                BTRSC   0x003,0 
0229            0554   N229:                GOTO    0x244
022A            0555   N22A:                MOVIA   0x028
022B            0556   N22B:                SUBAR   0x034,0 
022C            0557   N22C:                BTRSC   0x003,0 
022D            0558   N22D:                GOTO    0x244
022E            0559   N22E:                INCR    0x035,1 
022F            0560   N22F:                RRR     0x039,1 
0230            0561   N230:                RRR     0x037,1 
0231            0562   N231:                RRR     0x03A,1 
0232            0563   N232:                RRR     0x03B,1 
0233            0564   N233:                COMR    0x034,0 
0234            0565   N234:                ADDIA   0x015
0235            0566   N235:                BTRSC   0x003,0 
0236            0567   N236:                GOTO    0x239
0237            0568   N237:                BSR     0x039,7 
0238            0569   N238:                GOTO    0x23B
0239            0570   N239:                MOVIA   0x07F
023A            0571   N23A:                ANDAR   0x039,1 
023B            0572   N23B:                MOVR    0x035,0 
023C            0573   N23C:                XORIA   0x043
023D            0574   N23D:                BTRSS   0x003,2 
023E            0575   N23E:                GOTO    0x243
023F            0576   N23F:                BSR     0x017,5 
0240            0577   N240:                BSR     0x017,3 
0241            0578   N241:                BCR     0x017,4 
0242            0579   N242:                CLRR    0x038
0243            0580   N243:                GOTO    0x245
0244            0581   N244:                BSR     0x017,0 
0245            0582   N245:                GOTO    0x24E
0246            0583   N246:                MOVR    0x035,0 
0247            0584   N247:                XORIA   0x044
0248            0585   N248:                BTRSS   0x003,2 
0249            0586   N249:                GOTO    0x24C
024A            0587   N24A:                INCR    0x035,1 
024B            0588   N24B:                GOTO    0x24E
024C            0589   N24C:                MOVIA   0x001
024D            0590   N24D:                MOVAR   0x035
024E            0591   N24E:                CLRR    0x034
024F            0592   N24F:                BCR     0x017,1 
0250            0593   N250:                BTRSS   0x017,0 
0251            0594   N251:                GOTO    0x257
0252            0595   N252:                BCR     0x017,0 
0253            0596   N253:                BCR     0x017,2 
0254            0597   N254:                CLRR    0x035
0255            0598   N255:                MOVIA   0x0FF
0256            0599   N256:                MOVAR   0x037
0257            0600   N257:                RETURN  
0258            0601   N258:                BTRSC   0x017,3 
0259            0602   N259:                GOTO    0x25B
025A            0603   N25A:                GOTO    0x2D9
025B            0604   N25B:                BCR     0x017,3 
025C            0605   N25C:                INCR    0x038,1 
025D            0606   N25D:                MOVIA   0x003
025E            0607   N25E:                SUBAR   0x038,0 
025F            0608   N25F:                BTRSS   0x003,0 
0260            0609   N260:                GOTO    0x262
0261            0610   N261:                GOTO    0x2D9
0262            0611   N262:                BTRSS   0x017,4 
0263            0612   N263:                GOTO    0x265
0264            0613   N264:                GOTO    0x2D9
0265            0614   N265:                BSR     0x017,4 
0266            0615   N266:                MOVR    0x03B,0 
0267            0616   N267:                BTRSC   0x003,2 
0268            0617   N268:                GOTO    0x26A
0269            0618   N269:                GOTO    0x2D9
026A            0619   N26A:                MOVR    0x03A,0 
026B            0620   N26B:                XORIA   0x0EF
026C            0621   N26C:                BTRSC   0x003,2 
026D            0622   N26D:                GOTO    0x26F
026E            0623   N26E:                GOTO    0x2D9
026F            0624   N26F:                CLRR    0x03F
0270            0625   N270:                BSR     0x015,0 
0271            0626   N271:                MOVIA   0x001
0272            0627   N272:                MOVAR   0x01F
0273            0628   N273:                MOVR    0x037,0 
0274            0629   N274:                XORIA   0x002
0275            0630   N275:                BTRSS   0x003,2 
0276            0631   N276:                GOTO    0x278
0277            0632   N277:                CLRR    0x01F
0278            0633   N278:                MOVR    0x037,0 
0279            0634   N279:                XORIA   0x003
027A            0635   N27A:                BTRSS   0x003,2 
027B            0636   N27B:                GOTO    0x27E
027C            0637   N27C:                MOVIA   0x001
027D            0638   N27D:                MOVAR   0x01F
027E            0639   N27E:                MOVR    0x01F,0 
027F            0640   N27F:                BTRSC   0x003,2 
0280            0641   N280:                GOTO    0x2BA
0281            0642   N281:                MOVR    0x037,0 
0282            0643   N282:                MOVAR   0x013
0283            0644   N283:                MOVR    0x013,0 
0284            0645   N284:                BTRSC   0x003,2 
0285            0646   N285:                GOTO    0x28B
0286            0647   N286:                MOVR    0x013,0 
0287            0648   N287:                XORIA   0x001
0288            0649   N288:                BTRSC   0x003,2 
0289            0650   N289:                GOTO    0x2A3
028A            0651   N28A:                GOTO    0x2BA
028B            0652   N28B:                MOVR    0x02B,0 
028C            0653   N28C:                BTRSS   0x003,2 
028D            0654   N28D:                GOTO    0x298
028E            0655   N28E:                MOVIA   0x0E6
028F            0656   N28F:                SUBAR   0x020,0 
0290            0657   N290:                BTRSS   0x003,0 
0291            0658   N291:                GOTO    0x295
0292            0659   N292:                MOVIA   0x0E6
0293            0660   N293:                MOVAR   0x020
0294            0661   N294:                GOTO    0x297
0295            0662   N295:                MOVIA   0x017
0296            0663   N296:                ADDAR   0x020,1 
0297            0664   N297:                GOTO    0x2A2
0298            0665   N298:                BCR     0x015,0 
0299            0666   N299:                COMR    0x021,0 
029A            0667   N29A:                ADDIA   0x005
029B            0668   N29B:                BTRSS   0x003,0 
029C            0669   N29C:                GOTO    0x2A0
029D            0670   N29D:                MOVIA   0x002
029E            0671   N29E:                MOVAR   0x021
029F            0672   N29F:                GOTO    0x2A2
02A0            0673   N2A0:                MOVIA   0x002
02A1            0674   N2A1:                SUBAR   0x021,1 
02A2            0675   N2A2:                GOTO    0x2BA
02A3            0676   N2A3:                MOVR    0x02B,0 
02A4            0677   N2A4:                BTRSS   0x003,2 
02A5            0678   N2A5:                GOTO    0x2B0
02A6            0679   N2A6:                COMR    0x020,0 
02A7            0680   N2A7:                ADDIA   0x02F
02A8            0681   N2A8:                BTRSS   0x003,0 
02A9            0682   N2A9:                GOTO    0x2AD
02AA            0683   N2AA:                MOVIA   0x017
02AB            0684   N2AB:                MOVAR   0x020
02AC            0685   N2AC:                GOTO    0x2AF
02AD            0686   N2AD:                MOVIA   0x017
02AE            0687   N2AE:                SUBAR   0x020,1 
02AF            0688   N2AF:                GOTO    0x2BA
02B0            0689   N2B0:                BCR     0x015,0 
02B1            0690   N2B1:                MOVIA   0x00A
02B2            0691   N2B2:                SUBAR   0x021,0 
02B3            0692   N2B3:                BTRSS   0x003,0 
02B4            0693   N2B4:                GOTO    0x2B8
02B5            0694   N2B5:                MOVIA   0x00A
02B6            0695   N2B6:                MOVAR   0x021
02B7            0696   N2B7:                GOTO    0x2BA
02B8            0697   N2B8:                MOVIA   0x002
02B9            0698   N2B9:                ADDAR   0x021,1 
02BA            0699   N2BA:                BCR     0x00E,7 
02BB            0700   N2BB:                INCR    0x03F,1 
02BC            0701   N2BC:                MOVR    0x03F,0 
02BD            0702   N2BD:                MOVAR   0x013
02BE            0703   N2BE:                CLRR    0x014
02BF            0704   N2BF:                MOVIA   0x0AA
02C0            0705   N2C0:                ADDAR   0x013,0 
02C1            0706   N2C1:                MOVIA   0x003
02C2            0707   N2C2:                ADCAR   0x014,0 
02C3            0708   N2C3:                MOVAR   0x00A
02C4            0709   N2C4:                MOVR    0x013,0 
02C5            0710   N2C5:                CALL    0x3A9
02C6            0711   N2C6:                MOVAR   0x02A
02C7            0712   N2C7:                MOVR    0x02A,0 
02C8            0713   N2C8:                XORAR   0x037,0 
02C9            0714   N2C9:                BTRSS   0x003,2 
02CA            0715   N2CA:                GOTO    0x2D2
02CB            0716   N2CB:                MOVR    0x03F,0 
02CC            0717   N2CC:                XORAR   0x01E,0 
02CD            0718   N2CD:                BTRSS   0x003,2 
02CE            0719   N2CE:                GOTO    0x2D0
02CF            0720   N2CF:                BCR     0x015,0 
02D0            0721   N2D0:                MOVR    0x03F,0 
02D1            0722   N2D1:                MOVAR   0x01E
02D2            0723   N2D2:                MOVIA   0x014
02D3            0724   N2D3:                SUBAR   0x03F,0 
02D4            0725   N2D4:                BTRSS   0x003,0 
02D5            0726   N2D5:                GOTO    0x2D7
02D6            0727   N2D6:                GOTO    0x2D8
02D7            0728   N2D7:                GOTO    0x2BB
02D8            0729   N2D8:                BSR     0x00E,7 
02D9            0730   N2D9:                RETURN  
02DA            0731   N2DA:                MOVR    0x021,0 
02DB            0732   N2DB:                SUBAR   0x01B,0 
02DC            0733   N2DC:                BTRSS   0x003,0 
02DD            0734   N2DD:                GOTO    0x30C
02DE            0735   N2DE:                CLRR    0x01B
02DF            0736   N2DF:                INCR    0x01C,1 
02E0            0737   N2E0:                MOVIA   0x07D
02E1            0738   N2E1:                SUBAR   0x01C,0 
02E2            0739   N2E2:                BTRSS   0x003,0 
02E3            0740   N2E3:                GOTO    0x30C
02E4            0741   N2E4:                CLRR    0x01C
02E5            0742   N2E5:                INCR    0x022,1 
02E6            0743   N2E6:                MOVR    0x02B,0 
02E7            0744   N2E7:                XORIA   0x002
02E8            0745   N2E8:                BTRSS   0x003,2 
02E9            0746   N2E9:                GOTO    0x2F0
02EA            0747   N2EA:                MOVIA   0x004
02EB            0748   N2EB:                SUBAR   0x022,0 
02EC            0749   N2EC:                BTRSS   0x003,0 
02ED            0750   N2ED:                GOTO    0x2F0
02EE            0751   N2EE:                MOVIA   0x001
02EF            0752   N2EF:                MOVAR   0x022
02F0            0753   N2F0:                MOVR    0x02B,0 
02F1            0754   N2F1:                XORIA   0x001
02F2            0755   N2F2:                BTRSS   0x003,2 
02F3            0756   N2F3:                GOTO    0x2FA
02F4            0757   N2F4:                MOVIA   0x008
02F5            0758   N2F5:                SUBAR   0x022,0 
02F6            0759   N2F6:                BTRSS   0x003,0 
02F7            0760   N2F7:                GOTO    0x2FA
02F8            0761   N2F8:                MOVIA   0x001
02F9            0762   N2F9:                MOVAR   0x022
02FA            0763   N2FA:                MOVR    0x022,0 
02FB            0764   N2FB:                MOVAR   0x013
02FC            0765   N2FC:                CLRR    0x014
02FD            0766   N2FD:                MOVIA   0x0C0
02FE            0767   N2FE:                ADDAR   0x013,0 
02FF            0768   N2FF:                MOVIA   0x003
0300            0769   N300:                ADCAR   0x014,0 
0301            0770   N301:                MOVAR   0x00A
0302            0771   N302:                MOVR    0x013,0 
0303            0772   N303:                CALL    0x3BF
0304            0773   N304:                MOVAR   0x02C
0305            0774   N305:                CALL    0x111
0306            0775   N306:                MOVR    0x023,0 
0307            0776   N307:                MOVAR   0x026
0308            0777   N308:                MOVR    0x024,0 
0309            0778   N309:                MOVAR   0x027
030A            0779   N30A:                MOVR    0x025,0 
030B            0780   N30B:                MOVAR   0x028
030C            0781   N30C:                RETURN  
030D            0782   N30D:                MOVR    0x020,0 
030E            0783   N30E:                MOVAR   0x030
030F            0784   N30F:                RRR     0x030,0 
0310            0785   N310:                MOVAR   0x02F
0311            0786   N311:                RRR     0x02F,1 
0312            0787   N312:                MOVIA   0x03F
0313            0788   N313:                ANDAR   0x02F,1 
0314            0789   N314:                BCR     0x00E,7 
0315            0790   N315:                MOVR    0x02C,0 
0316            0791   N316:                MOVAR   0x013
0317            0792   N317:                CLRR    0x014
0318            0793   N318:                MOVIA   0x0C9
0319            0794   N319:                ADDAR   0x013,0 
031A            0795   N31A:                MOVIA   0x003
031B            0796   N31B:                ADCAR   0x014,0 
031C            0797   N31C:                MOVAR   0x00A
031D            0798   N31D:                MOVR    0x013,0 
031E            0799   N31E:                CALL    0x3C8
031F            0800   N31F:                MOVAR   0x02D
0320            0801   N320:                CALL    0x145
0321            0802   N321:                MOVR    0x029,0 
0322            0803   N322:                MOVAR   0x03C
0323            0804   N323:                MOVR    0x02C,0 
0324            0805   N324:                MOVAR   0x013
0325            0806   N325:                CLRR    0x014
0326            0807   N326:                MOVIA   0x0DB
0327            0808   N327:                ADDAR   0x013,0 
0328            0809   N328:                MOVIA   0x003
0329            0810   N329:                ADCAR   0x014,0 
032A            0811   N32A:                MOVAR   0x00A
032B            0812   N32B:                MOVR    0x013,0 
032C            0813   N32C:                CALL    0x3DA
032D            0814   N32D:                MOVAR   0x02D
032E            0815   N32E:                CALL    0x145
032F            0816   N32F:                MOVR    0x029,0 
0330            0817   N330:                MOVAR   0x03D
0331            0818   N331:                MOVR    0x02C,0 
0332            0819   N332:                MOVAR   0x013
0333            0820   N333:                CLRR    0x014
0334            0821   N334:                MOVIA   0x0ED
0335            0822   N335:                ADDAR   0x013,0 
0336            0823   N336:                MOVIA   0x003
0337            0824   N337:                ADCAR   0x014,0 
0338            0825   N338:                MOVAR   0x00A
0339            0826   N339:                MOVR    0x013,0 
033A            0827   N33A:                CALL    0x3EC
033B            0828   N33B:                MOVAR   0x02D
033C            0829   N33C:                CALL    0x145
033D            0830   N33D:                MOVR    0x029,0 
033E            0831   N33E:                MOVAR   0x03E
033F            0832   N33F:                BSR     0x00E,7 
0340            0833   N340:                RETURN  
0341            0834   N341:                MOVR    0x021,0 
0342            0835   N342:                SUBAR   0x01B,0 
0343            0836   N343:                BTRSS   0x003,0 
0344            0837   N344:                GOTO    0x38E
0345            0838   N345:                CLRR    0x01B
0346            0839   N346:                INCR    0x01C,1 
0347            0840   N347:                MOVR    0x03C,0 
0348            0841   N348:                SUBAR   0x023,0 
0349            0842   N349:                BTRSC   0x003,0 
034A            0843   N34A:                GOTO    0x34D
034B            0844   N34B:                INCR    0x023,1 
034C            0845   N34C:                GOTO    0x352
034D            0846   N34D:                MOVR    0x023,0 
034E            0847   N34E:                SUBAR   0x03C,0 
034F            0848   N34F:                BTRSC   0x003,0 
0350            0849   N350:                GOTO    0x352
0351            0850   N351:                DECR    0x023,1 
0352            0851   N352:                MOVR    0x03D,0 
0353            0852   N353:                SUBAR   0x024,0 
0354            0853   N354:                BTRSC   0x003,0 
0355            0854   N355:                GOTO    0x358
0356            0855   N356:                INCR    0x024,1 
0357            0856   N357:                GOTO    0x35D
0358            0857   N358:                MOVR    0x024,0 
0359            0858   N359:                SUBAR   0x03D,0 
035A            0859   N35A:                BTRSC   0x003,0 
035B            0860   N35B:                GOTO    0x35D
035C            0861   N35C:                DECR    0x024,1 
035D            0862   N35D:                MOVR    0x03E,0 
035E            0863   N35E:                SUBAR   0x025,0 
035F            0864   N35F:                BTRSC   0x003,0 
0360            0865   N360:                GOTO    0x363
0361            0866   N361:                INCR    0x025,1 
0362            0867   N362:                GOTO    0x368
0363            0868   N363:                MOVR    0x025,0 
0364            0869   N364:                SUBAR   0x03E,0 
0365            0870   N365:                BTRSC   0x003,0 
0366            0871   N366:                GOTO    0x368
0367            0872   N367:                DECR    0x025,1 
0368            0873   N368:                MOVIA   0x0E6
0369            0874   N369:                SUBAR   0x01C,0 
036A            0875   N36A:                BTRSS   0x003,0 
036B            0876   N36B:                GOTO    0x38E
036C            0877   N36C:                CLRR    0x01C
036D            0878   N36D:                INCR    0x022,1 
036E            0879   N36E:                MOVR    0x01E,0 
036F            0880   N36F:                XORIA   0x013
0370            0881   N370:                BTRSS   0x003,2 
0371            0882   N371:                GOTO    0x378
0372            0883   N372:                MOVIA   0x004
0373            0884   N373:                SUBAR   0x022,0 
0374            0885   N374:                BTRSS   0x003,0 
0375            0886   N375:                GOTO    0x378
0376            0887   N376:                MOVIA   0x001
0377            0888   N377:                MOVAR   0x022
0378            0889   N378:                MOVR    0x01E,0 
0379            0890   N379:                XORIA   0x014
037A            0891   N37A:                BTRSS   0x003,2 
037B            0892   N37B:                GOTO    0x382
037C            0893   N37C:                MOVIA   0x008
037D            0894   N37D:                SUBAR   0x022,0 
037E            0895   N37E:                BTRSS   0x003,0 
037F            0896   N37F:                GOTO    0x382
0380            0897   N380:                MOVIA   0x001
0381            0898   N381:                MOVAR   0x022
0382            0899   N382:                MOVR    0x022,0 
0383            0900   N383:                MOVAR   0x013
0384            0901   N384:                CLRR    0x014
0385            0902   N385:                MOVIA   0x0C0
0386            0903   N386:                ADDAR   0x013,0 
0387            0904   N387:                MOVIA   0x003
0388            0905   N388:                ADCAR   0x014,0 
0389            0906   N389:                MOVAR   0x00A
038A            0907   N38A:                MOVR    0x013,0 
038B            0908   N38B:                CALL    0x3BF
038C            0909   N38C:                MOVAR   0x02C
038D            0910   N38D:                CALL    0x30D
038E            0911   N38E:                RETURN  
038F            0912   N38F:                GOTO    0x00E
0390            0913   N390:                MOVR    0x012,0 
0391            0914   N391:                MOVAR   0x004
0392            0915   N392:                MOVR    0x011,0 
0393            0916   N393:                MOVAR   0x003
0394            0917   N394:                SWAPR   0x010,1 
0395            0918   N395:                SWAPR   0x010,0 
0396            0919   N396:                RETFIE  
0397            0920   N397:                NOP
0398            0921   N398:                NOP
0399            0922   N399:                NOP
039A            0923   N39A:                NOP
039B            0924   N39B:                NOP
039C            0925   N39C:                NOP
039D            0926   N39D:                NOP
039E            0927   N39E:                NOP
039F            0928   N39F:                NOP
03A0            0929   N3A0:                NOP
03A1            0930   N3A1:                NOP
03A2            0931   N3A2:                NOP
03A3            0932   N3A3:                NOP
03A4            0933   N3A4:                NOP
03A5            0934   N3A5:                NOP
03A6            0935   N3A6:                NOP
03A7            0936   N3A7:                NOP
03A8            0937   N3A8:                NOP
03A9            0938   N3A9:                ADDAR   0x002,1 
03AA            0939   N3AA:                RETIA   0x000
03AB            0940   N3AB:                RETIA   0x004
03AC            0941   N3AC:                RETIA   0x008
03AD            0942   N3AD:                RETIA   0x00C
03AE            0943   N3AE:                RETIA   0x010
03AF            0944   N3AF:                RETIA   0x014
03B0            0945   N3B0:                RETIA   0x005
03B1            0946   N3B1:                RETIA   0x009
03B2            0947   N3B2:                RETIA   0x00D
03B3            0948   N3B3:                RETIA   0x011
03B4            0949   N3B4:                RETIA   0x015
03B5            0950   N3B5:                RETIA   0x006
03B6            0951   N3B6:                RETIA   0x00A
03B7            0952   N3B7:                RETIA   0x00E
03B8            0953   N3B8:                RETIA   0x012
03B9            0954   N3B9:                RETIA   0x016
03BA            0955   N3BA:                RETIA   0x007
03BB            0956   N3BB:                RETIA   0x00B
03BC            0957   N3BC:                RETIA   0x00F
03BD            0958   N3BD:                RETIA   0x013
03BE            0959   N3BE:                RETIA   0x017
03BF            0960   N3BF:                ADDAR   0x002,1 
03C0            0961   N3C0:                RETIA   0x000
03C1            0962   N3C1:                RETIA   0x001
03C2            0963   N3C2:                RETIA   0x006
03C3            0964   N3C3:                RETIA   0x00B
03C4            0965   N3C4:                RETIA   0x005
03C5            0966   N3C5:                RETIA   0x00F
03C6            0967   N3C6:                RETIA   0x00A
03C7            0968   N3C7:                RETIA   0x010
03C8            0969   N3C8:                ADDAR   0x002,1 
03C9            0970   N3C9:                RETIA   0x000
03CA            0971   N3CA:                RETIA   0x004
03CB            0972   N3CB:                RETIA   0x004
03CC            0973   N3CC:                RETIA   0x004
03CD            0974   N3CD:                RETIA   0x004
03CE            0975   N3CE:                RETIA   0x004
03CF            0976   N3CF:                RETIA   0x000
03D0            0977   N3D0:                RETIA   0x000
03D1            0978   N3D1:                RETIA   0x000
03D2            0979   N3D2:                RETIA   0x000
03D3            0980   N3D3:                RETIA   0x000
03D4            0981   N3D4:                RETIA   0x000
03D5            0982   N3D5:                RETIA   0x001
03D6            0983   N3D6:                RETIA   0x002
03D7            0984   N3D7:                RETIA   0x003
03D8            0985   N3D8:                RETIA   0x004
03D9            0986   N3D9:                RETIA   0x004
03DA            0987   N3DA:                ADDAR   0x002,1 
03DB            0988   N3DB:                RETIA   0x000
03DC            0989   N3DC:                RETIA   0x000
03DD            0990   N3DD:                RETIA   0x001
03DE            0991   N3DE:                RETIA   0x002
03DF            0992   N3DF:                RETIA   0x003
03E0            0993   N3E0:                RETIA   0x004
03E1            0994   N3E1:                RETIA   0x004
03E2            0995   N3E2:                RETIA   0x004
03E3            0996   N3E3:                RETIA   0x004
03E4            0997   N3E4:                RETIA   0x004
03E5            0998   N3E5:                RETIA   0x004
03E6            0999   N3E6:                RETIA   0x000
03E7            1000   N3E7:                RETIA   0x000
03E8            1001   N3E8:                RETIA   0x000
03E9            1002   N3E9:                RETIA   0x000
03EA            1003   N3EA:                RETIA   0x000
03EB            1004   N3EB:                RETIA   0x004
03EC            1005   N3EC:                ADDAR   0x002,1 
03ED            1006   N3ED:                RETIA   0x000
03EE            1007   N3EE:                RETIA   0x000
03EF            1008   N3EF:                RETIA   0x000
03F0            1009   N3F0:                RETIA   0x000
03F1            1010   N3F1:                RETIA   0x000
03F2            1011   N3F2:                RETIA   0x000
03F3            1012   N3F3:                RETIA   0x000
03F4            1013   N3F4:                RETIA   0x001
03F5            1014   N3F5:                RETIA   0x002
03F6            1015   N3F6:                RETIA   0x003
03F7            1016   N3F7:                RETIA   0x004
03F8            1017   N3F8:                RETIA   0x004
03F9            1018   N3F9:                RETIA   0x004
03FA            1019   N3FA:                RETIA   0x004
03FB            1020   N3FB:                RETIA   0x004
03FC            1021   N3FC:                RETIA   0x004
03FD            1022   N3FD:                RETIA   0x004
03FE            1023   N3FE:                NOP
03FF            1024   N3FF:                GOTO        0x000
;=============================== superled.asm End ================================================================
